<?xml version="1.0" encoding="UTF-8" ?>
<testsuite tests="1" failures="0" name="org.demo.dao.CountryDaoTest" time="11.74" errors="1" skipped="0">
  <properties>
    <property name="java.runtime.name" value="Java(TM) SE Runtime Environment"/>
    <property name="sun.boot.library.path" value="/Library/Java/JavaVirtualMachines/jdk1.8.0_25.jdk/Contents/Home/jre/lib"/>
    <property name="java.vm.version" value="25.25-b02"/>
    <property name="gopherProxySet" value="false"/>
    <property name="java.vm.vendor" value="Oracle Corporation"/>
    <property name="java.vendor.url" value="http://java.oracle.com/"/>
    <property name="path.separator" value=":"/>
    <property name="guice.disable.misplaced.annotation.check" value="true"/>
    <property name="java.vm.name" value="Java HotSpot(TM) 64-Bit Server VM"/>
    <property name="file.encoding.pkg" value="sun.io"/>
    <property name="user.country" value="FR"/>
    <property name="sun.java.launcher" value="SUN_STANDARD"/>
    <property name="sun.os.patch.level" value="unknown"/>
    <property name="java.vm.specification.name" value="Java Virtual Machine Specification"/>
    <property name="user.dir" value="/Users/ludovicchaboud/Code/workspace_telosys/telosys-tools-dsl-runner/sample2"/>
    <property name="java.runtime.version" value="1.8.0_25-b17"/>
    <property name="java.awt.graphicsenv" value="sun.awt.CGraphicsEnvironment"/>
    <property name="java.endorsed.dirs" value="/Library/Java/JavaVirtualMachines/jdk1.8.0_25.jdk/Contents/Home/jre/lib/endorsed"/>
    <property name="os.arch" value="x86_64"/>
    <property name="java.io.tmpdir" value="/var/folders/4d/jw8vbhxd08n2vmqh_j_zy0pm0000gn/T/"/>
    <property name="line.separator" value="
"/>
    <property name="java.vm.specification.vendor" value="Oracle Corporation"/>
    <property name="os.name" value="Mac OS X"/>
    <property name="classworlds.conf" value="/Library/Maven/apache-maven-3.2.3/bin/m2.conf"/>
    <property name="sun.jnu.encoding" value="UTF-8"/>
    <property name="java.library.path" value="/Users/ludovicchaboud/Library/Java/Extensions:/Library/Java/Extensions:/Network/Library/Java/Extensions:/System/Library/Java/Extensions:/usr/lib/java:."/>
    <property name="java.specification.name" value="Java Platform API Specification"/>
    <property name="java.class.version" value="52.0"/>
    <property name="sun.management.compiler" value="HotSpot 64-Bit Tiered Compilers"/>
    <property name="os.version" value="10.10.2"/>
    <property name="http.nonProxyHosts" value="local|*.local|169.254/16|*.169.254/16"/>
    <property name="user.home" value="/Users/ludovicchaboud"/>
    <property name="user.timezone" value="Europe/Paris"/>
    <property name="java.awt.printerjob" value="sun.lwawt.macosx.CPrinterJob"/>
    <property name="java.specification.version" value="1.8"/>
    <property name="file.encoding" value="UTF-8"/>
    <property name="user.name" value="ludovicchaboud"/>
    <property name="java.class.path" value="/Library/Maven/apache-maven-3.2.3/boot/plexus-classworlds-2.5.1.jar"/>
    <property name="java.vm.specification.version" value="1.8"/>
    <property name="sun.arch.data.model" value="64"/>
    <property name="java.home" value="/Library/Java/JavaVirtualMachines/jdk1.8.0_25.jdk/Contents/Home/jre"/>
    <property name="sun.java.command" value="org.codehaus.plexus.classworlds.launcher.Launcher test"/>
    <property name="java.specification.vendor" value="Oracle Corporation"/>
    <property name="user.language" value="fr"/>
    <property name="awt.toolkit" value="sun.lwawt.macosx.LWCToolkit"/>
    <property name="java.vm.info" value="mixed mode"/>
    <property name="java.version" value="1.8.0_25"/>
    <property name="java.ext.dirs" value="/Users/ludovicchaboud/Library/Java/Extensions:/Library/Java/JavaVirtualMachines/jdk1.8.0_25.jdk/Contents/Home/jre/lib/ext:/Library/Java/Extensions:/Network/Library/Java/Extensions:/System/Library/Java/Extensions:/usr/lib/java"/>
    <property name="sun.boot.class.path" value="/Library/Java/JavaVirtualMachines/jdk1.8.0_25.jdk/Contents/Home/jre/lib/resources.jar:/Library/Java/JavaVirtualMachines/jdk1.8.0_25.jdk/Contents/Home/jre/lib/rt.jar:/Library/Java/JavaVirtualMachines/jdk1.8.0_25.jdk/Contents/Home/jre/lib/sunrsasign.jar:/Library/Java/JavaVirtualMachines/jdk1.8.0_25.jdk/Contents/Home/jre/lib/jsse.jar:/Library/Java/JavaVirtualMachines/jdk1.8.0_25.jdk/Contents/Home/jre/lib/jce.jar:/Library/Java/JavaVirtualMachines/jdk1.8.0_25.jdk/Contents/Home/jre/lib/charsets.jar:/Library/Java/JavaVirtualMachines/jdk1.8.0_25.jdk/Contents/Home/jre/lib/jfr.jar:/Library/Java/JavaVirtualMachines/jdk1.8.0_25.jdk/Contents/Home/jre/classes"/>
    <property name="java.vendor" value="Oracle Corporation"/>
    <property name="maven.home" value="/Library/Maven/apache-maven-3.2.3"/>
    <property name="file.separator" value="/"/>
    <property name="java.vendor.url.bug" value="http://bugreport.sun.com/bugreport/"/>
    <property name="sun.cpu.endian" value="little"/>
    <property name="sun.io.unicode.encoding" value="UnicodeBig"/>
    <property name="socksNonProxyHosts" value="local|*.local|169.254/16|*.169.254/16"/>
    <property name="ftp.nonProxyHosts" value="local|*.local|169.254/16|*.169.254/16"/>
    <property name="sun.cpu.isalist" value=""/>
  </properties>
  <testcase classname="org.demo.dao.CountryDaoTest" name="test" time="11.74">
    <error message="Timed out after 10000 ms while waiting for a server that matches AnyServerSelector{}. Client view of cluster state is {type=Unknown, servers=[{address=localhost:27017, type=Unknown, state=Connecting, exception={com.mongodb.MongoException$Network: Exception opening the socket}, caused by {java.net.ConnectException: Connection refused}}]" type="com.mongodb.MongoTimeoutException">com.mongodb.MongoTimeoutException: Timed out after 10000 ms while waiting for a server that matches AnyServerSelector{}. Client view of cluster state is {type=Unknown, servers=[{address=localhost:27017, type=Unknown, state=Connecting, exception={com.mongodb.MongoException$Network: Exception opening the socket}, caused by {java.net.ConnectException: Connection refused}}]
	at com.mongodb.BaseCluster.getServer(BaseCluster.java:82)
	at com.mongodb.DBTCPConnector.getServer(DBTCPConnector.java:656)
	at com.mongodb.DBTCPConnector.access$500(DBTCPConnector.java:40)
	at com.mongodb.DBTCPConnector$MyPort.getConnection(DBTCPConnector.java:505)
	at com.mongodb.DBTCPConnector$MyPort.get(DBTCPConnector.java:448)
	at com.mongodb.DBTCPConnector.getPrimaryPort(DBTCPConnector.java:407)
	at com.mongodb.DBCollectionImpl.update(DBCollectionImpl.java:265)
	at com.mongodb.DBCollection.update(DBCollection.java:214)
	at com.mongodb.DBCollection.save(DBCollection.java:1058)
	at org.mongodb.morphia.DatastoreImpl.save(DatastoreImpl.java:950)
	at org.mongodb.morphia.DatastoreImpl.save(DatastoreImpl.java:1014)
	at org.mongodb.morphia.DatastoreImpl.save(DatastoreImpl.java:1001)
	at org.demo.dao.CountryDao.save(CountryDao.java:54)
	at org.demo.dao.CountryDaoTest.test(CountryDaoTest.java:88)
	at sun.reflect.NativeMethodAccessorImpl.invoke0(Native Method)
	at sun.reflect.NativeMethodAccessorImpl.invoke(NativeMethodAccessorImpl.java:62)
	at sun.reflect.DelegatingMethodAccessorImpl.invoke(DelegatingMethodAccessorImpl.java:43)
	at java.lang.reflect.Method.invoke(Method.java:483)
	at org.junit.runners.model.FrameworkMethod$1.runReflectiveCall(FrameworkMethod.java:50)
	at org.junit.internal.runners.model.ReflectiveCallable.run(ReflectiveCallable.java:12)
	at org.junit.runners.model.FrameworkMethod.invokeExplosively(FrameworkMethod.java:47)
	at org.junit.internal.runners.statements.InvokeMethod.evaluate(InvokeMethod.java:17)
	at org.junit.internal.runners.statements.RunBefores.evaluate(RunBefores.java:26)
	at org.junit.internal.runners.statements.RunAfters.evaluate(RunAfters.java:27)
	at org.junit.runners.ParentRunner.runLeaf(ParentRunner.java:325)
	at org.junit.runners.BlockJUnit4ClassRunner.runChild(BlockJUnit4ClassRunner.java:78)
	at org.junit.runners.BlockJUnit4ClassRunner.runChild(BlockJUnit4ClassRunner.java:57)
	at org.junit.runners.ParentRunner$3.run(ParentRunner.java:290)
	at org.junit.runners.ParentRunner$1.schedule(ParentRunner.java:71)
	at org.junit.runners.ParentRunner.runChildren(ParentRunner.java:288)
	at org.junit.runners.ParentRunner.access$000(ParentRunner.java:58)
	at org.junit.runners.ParentRunner$2.evaluate(ParentRunner.java:268)
	at org.junit.runners.ParentRunner.run(ParentRunner.java:363)
	at org.apache.maven.surefire.junit4.JUnit4Provider.execute(JUnit4Provider.java:252)
	at org.apache.maven.surefire.junit4.JUnit4Provider.executeTestSet(JUnit4Provider.java:141)
	at org.apache.maven.surefire.junit4.JUnit4Provider.invoke(JUnit4Provider.java:112)
	at sun.reflect.NativeMethodAccessorImpl.invoke0(Native Method)
	at sun.reflect.NativeMethodAccessorImpl.invoke(NativeMethodAccessorImpl.java:62)
	at sun.reflect.DelegatingMethodAccessorImpl.invoke(DelegatingMethodAccessorImpl.java:43)
	at java.lang.reflect.Method.invoke(Method.java:483)
	at org.apache.maven.surefire.util.ReflectionUtils.invokeMethodWithArray(ReflectionUtils.java:189)
	at org.apache.maven.surefire.booter.ProviderFactory$ProviderProxy.invoke(ProviderFactory.java:165)
	at org.apache.maven.surefire.booter.ProviderFactory.invokeProvider(ProviderFactory.java:85)
	at org.apache.maven.surefire.booter.ForkedBooter.runSuitesInProcess(ForkedBooter.java:115)
	at org.apache.maven.surefire.booter.ForkedBooter.main(ForkedBooter.java:75)
</error>
    <system-out>Extract /Users/ludovicchaboud/.embedmongo/osx/mongodb-osx-x86_64-3.0.0.tgz START
Extract /Users/ludovicchaboud/.embedmongo/osx/mongodb-osx-x86_64-3.0.0.tgz DONE
[mongod output]note: noprealloc may hurt performance in many applications
[mongod output] 2015-03-27T17:38:35.529+0100 I CONTROL  [initandlisten] MongoDB starting : pid=3404 port=12345 dbpath=/var/folders/4d/jw8vbhxd08n2vmqh_j_zy0pm0000gn/T/embedmongo-db-3e2dbda9-80e7-464f-b1dd-b7f24cb4de4a 64-bit host=MacBook-Pro-de-Ludovic.local
[mongod output] 2015-03-27T17:38:35.530+0100 I CONTROL  [initandlisten] db version v3.0.0
[mongod output] 2015-03-27T17:38:35.530+0100 I CONTROL  [initandlisten] git version: a841fd6394365954886924a35076691b4d149168
[mongod output] 2015-03-27T17:38:35.530+0100 I CONTROL  [initandlisten] build info: Darwin bs-osx108-1 12.5.0 Darwin Kernel Version 12.5.0: Sun Sep 29 13:33:47 PDT 2013; root:xnu-2050.48.12~1/RELEASE_X86_64 x86_64 BOOST_LIB_VERSION=1_49
[mongod output] 2015-03-27T17:38:35.530+0100 I CONTROL  [initandlisten] allocator: system
[mongod output] 2015-03-27T17:38:35.530+0100 I CONTROL  [initandlisten] options: { net: { http: { enabled: false }, port: 12345 }, security: { authorization: &quot;disabled&quot; }, storage: { dbPath: &quot;/var/folders/4d/jw8vbhxd08n2vmqh_j_zy0pm0000gn/T/embedmongo-db-3e2dbda9-80e7-464f-b1dd-b7f24cb4de4a&quot;, journal: { enabled: false }, mmapv1: { preallocDataFiles: false, smallFiles: true }, syncPeriodSecs: 0.0 } }
[mongod output] 2015-03-27T17:38:35.540+0100 I STORAGE  [DataFileSync] warning: --syncdelay 0 is not recommended and can have strange performance
[mongod output] 2015-03-27T17:38:35.541+0100 I INDEX    [initandlisten] allocating new ns file /var/folders/4d/jw8vbhxd08n2vmqh_j_zy0pm0000gn/T/embedmongo-db-3e2dbda9-80e7-464f-b1dd-b7f24cb4de4a/local.ns, filling with zeroes...
[mongod output] 2015-03-27T17:38:35.586+0100 I STORAGE  [FileAllocator] allocating new datafile /var/folders/4d/jw8vbhxd08n2vmqh_j_zy0pm0000gn/T/embedmongo-db-3e2dbda9-80e7-464f-b1dd-b7f24cb4de4a/local.0, filling with zeroes...
[mongod output] 2015-03-27T17:38:35.586+0100 I STORAGE  [FileAllocator] creating directory /var/folders/4d/jw8vbhxd08n2vmqh_j_zy0pm0000gn/T/embedmongo-db-3e2dbda9-80e7-464f-b1dd-b7f24cb4de4a/_tmp
[mongod output] 2015-03-27T17:38:35.617+0100 I STORAGE  [FileAllocator] done allocating datafile /var/folders/4d/jw8vbhxd08n2vmqh_j_zy0pm0000gn/T/embedmongo-db-3e2dbda9-80e7-464f-b1dd-b7f24cb4de4a/local.0, size: 16MB,  took 0.03 secs
[mongod output] 2015-03-27T17:38:35.634+0100 I NETWORK  [initandlisten] waiting for connections on port 12345
[mongod output] 2015-03-27T17:38:35.739+0100 I NETWORK  [initandlisten] connection accepted from 127.0.0.1:52837 #1 (1 connection now open)
[mongod output] 2015-03-27T17:38:35.757+0100 I NETWORK  [initandlisten] connection accepted from 127.0.0.1:52838 #2 (2 connections now open)
[mongod output] 2015-03-27T17:38:45.806+0100 I NETWORK  [initandlisten] connection accepted from 127.0.0.1:52859 #3 (3 connections now open)
[mongod output] 2015-03-27T17:38:45.806+0100 I COMMAND  [conn3] terminating, shutdown command received
[mongod output] 2015-03-27T17:38:45.806+0100 I CONTROL  [conn3] now exiting
[mongod output] 2015-03-27T17:38:45.806+0100 I NETWORK  [conn3] shutdown: going to close listening sockets...
[mongod output] 2015-03-27T17:38:45.806+0100 I NETWORK  [conn3] closing listening socket: 5
[mongod output] 2015-03-27T17:38:45.806+0100 I NETWORK  [conn3] closing listening socket: 6
[mongod output] 2015-03-27T17:38:45.807+0100 I NETWORK  [conn3] removing socket file: /tmp/mongodb-12345.sock
[mongod output] 2015-03-27T17:38:45.807+0100 I NETWORK  [conn3] shutdown: going to flush diaglog...
[mongod output] 2015-03-27T17:38:45.807+0100 I NETWORK  [conn3] shutdown: going to close sockets...
[mongod output] 2015-03-27T17:38:45.807+0100 I STORAGE  [conn3] shutdown: waiting for fs preallocator...
[mongod output] 2015-03-27T17:38:45.807+0100 I STORAGE  [conn3] shutdown: closing all files...
[mongod output] 2015-03-27T17:38:45.808+0100 I STORAGE  [conn3] closeAllFiles() finished
[mongod output] 2015-03-27T17:38:45.808+0100 I STORAGE  [conn3] shutdown: removing fs lock...
[mongod output] 2015-03-27T17:38:45.808+0100 I NETWORK  [conn1] end connection 127.0.0.1:52837 (2 connections now open)
[mongod output] 2015-03-27T17:38:45.808+0100 I NETWORK  [conn2] end connection 127.0.0.1:52838 (2 connections now open)
[mongod output] 2015-03-27T17:38:45.808+0100 I CONTROL  [conn3] dbexit:  rc: 0
[mongod output] 
</system-out>
    <system-err>SLF4J: Failed to load class &quot;org.slf4j.impl.StaticLoggerBinder&quot;.
SLF4J: Defaulting to no-operation (NOP) logger implementation
SLF4J: See http://www.slf4j.org/codes.html#StaticLoggerBinder for further details.
mars 27, 2015 5:38:35 PM org.mongodb.morphia.logging.MorphiaLoggerFactory chooseLoggerFactory
INFOS: LoggerImplFactory set to org.mongodb.morphia.logging.jdk.JDKLoggerFactory
</system-err>
  </testcase>
</testsuite>